<?xml version="1.0" encoding="UTF-8"?>
<!-- Generated by org.testng.reporters.JUnitXMLReporter -->
<testsuite ignored="0" hostname="DESKTOP-FPJTV93" failures="0" tests="1" name="Test" time="0.446" errors="0" timestamp="2022-06-29T16:58:30 IST">
  <testcase classname="Kite_App_test_calsses.Validate_userid_properties" name="@BeforeClass launchbrowser" time="0.229">
    <failure type="java.lang.IllegalStateException" message="The driver executable must exist: C:\Users\dell\Desktop\sell jars\chromedriver_win32 (2)\chromedriver.exe">
      <![CDATA[java.lang.IllegalStateException: The driver executable must exist: C:\Users\dell\Desktop\sell jars\chromedriver_win32 (2)\chromedriver.exe
at org.openqa.selenium.internal.Require$FileStateChecker.isFile(Require.java:342)
at org.openqa.selenium.remote.service.DriverService.checkExecutable(DriverService.java:147)
at org.openqa.selenium.remote.service.DriverService.findExecutable(DriverService.java:142)
at org.openqa.selenium.chrome.ChromeDriverService.access$000(ChromeDriverService.java:38)
at org.openqa.selenium.chrome.ChromeDriverService$Builder.findDefaultExecutable(ChromeDriverService.java:231)
at org.openqa.selenium.remote.service.DriverService$Builder.build(DriverService.java:437)
at org.openqa.selenium.chrome.ChromeDriverService.createDefaultService(ChromeDriverService.java:127)
at org.openqa.selenium.chrome.ChromeDriver.<init>(ChromeDriver.java:48)
at Kite_App_test_calsses.Validate_userid_properties.launchbrowser(Validate_userid_properties.java:36)
at java.base/java.util.ArrayList.forEach(ArrayList.java:1541)
... Removed 25 stack frames]]>
    </failure>
  </testcase> <!-- @BeforeClass launchbrowser -->
  <testcase classname="Kite_App_test_calsses.Validate_userid_properties" name="@BeforeMethod beforelogin" time="-1.656502110131E9">
    <skipped/>
  </testcase> <!-- @BeforeMethod beforelogin -->
  <testcase classname="Kite_App_test_calsses.Validate_userid_properties" name="@AfterMethod logoutfromkite" time="-1.656502110155E9">
    <skipped/>
  </testcase> <!-- @AfterMethod logoutfromkite -->
  <testcase classname="Kite_App_test_calsses.Validate_userid_properties" name="@AfterClass closebrowser" time="-1.656502110159E9">
    <skipped/>
  </testcase> <!-- @AfterClass closebrowser -->
  <testcase classname="Kite_App_test_calsses.Validate_userid_properties" name="validateusername" time="0.0">
    <skipped/>
  </testcase> <!-- validateusername -->
</testsuite> <!-- Test -->
